[19:19:41] [main/INFO]: Loading Minecraft 1.21.9 with Fabric Loader 0.17.3
[19:19:42] [main/INFO]: Loading 52 mods:
	- chest-on-ghast 1.0.3
	- entity_texture_features 7.0.4
	   \-- org_apache_httpcomponents_httpmime 4.5.10
	- fabric-api 0.134.0+1.21.9
	   |-- fabric-api-base 1.0.0+14b92d897d
	   |-- fabric-api-lookup-api-v1 1.6.106+d17682157d
	   |-- fabric-biome-api-v1 16.1.0+c2417d4f7d
	   |-- fabric-block-api-v1 1.1.5+d17682157d
	   |-- fabric-block-view-api-v2 1.0.34+e4fd1b927d
	   |-- fabric-command-api-v2 2.3.7+328a75ba7d
	   |-- fabric-content-registries-v0 10.2.3+b6a242647d
	   |-- fabric-convention-tags-v1 2.1.47+7f945d5b7d
	   |-- fabric-convention-tags-v2 2.15.12+3154c1c87d
	   |-- fabric-crash-report-info-v1 0.3.18+33df5e6e7d
	   |-- fabric-data-attachment-api-v1 1.8.28+9bce411b7d
	   |-- fabric-data-generation-api-v1 23.2.22+d8b85ef17d
	   |-- fabric-dimensions-v1 4.0.22+38b9cc197d
	   |-- fabric-entity-events-v1 2.1.12+14b92d897d
	   |-- fabric-events-interaction-v0 4.0.35+5ba217127d
	   |-- fabric-game-rule-api-v1 1.1.1+e47eaae57d
	   |-- fabric-item-api-v1 11.5.8+9bce411b7d
	   |-- fabric-item-group-api-v1 4.2.24+86b3ae577d
	   |-- fabric-key-binding-api-v1 1.1.1+b3ba9c487d
	   |-- fabric-lifecycle-events-v1 2.6.9+33df5e6e7d
	   |-- fabric-loot-api-v2 3.0.64+3f89f5a57d
	   |-- fabric-loot-api-v3 2.0.11+d17682157d
	   |-- fabric-message-api-v1 6.1.7+3154c1c87d
	   |-- fabric-model-loading-api-v1 6.0.0+3ffd6ef07d
	   |-- fabric-networking-api-v1 5.0.13+d269470c7d
	   |-- fabric-object-builder-api-v1 21.1.24+9bce411b7d
	   |-- fabric-particles-v1 4.2.2+a0ee59a47d
	   |-- fabric-recipe-api-v1 8.1.26+d17682157d
	   |-- fabric-registry-sync-v0 6.1.41+679c8c5c7d
	   |-- fabric-renderer-indigo 4.0.19+328a75ba7d
	   |-- fabric-rendering-fluids-v1 3.1.38+86b3ae577d
	   |-- fabric-resource-conditions-api-v1 5.0.28+33df5e6e7d
	   |-- fabric-screen-api-v1 3.1.0+9c82a7987d
	   |-- fabric-screen-handler-api-v1 1.3.150+d17682157d
	   |-- fabric-serialization-api-v1 1.0.0+d857c9767d
	   |-- fabric-sound-api-v1 1.0.45+328a75ba7d
	   |-- fabric-tag-api-v1 1.2.10+2fa446b27d
	   |-- fabric-transfer-api-v1 6.0.15+79ec2c127d
	   \-- fabric-transitive-access-wideners-v1 6.5.3+41eb43437d
	- fabricloader 0.17.3
	   \-- mixinextras 0.5.0
	- java 21
	- minecraft 1.21.9
	- sodium 0.7.2+mc1.21.10
	   |-- fabric-renderer-api-v1 7.1.2+328a75ba6f
	   |-- fabric-rendering-v1 16.0.2+91152d886f
	   |-- fabric-resource-loader-v0 3.2.3+3388a3b26f
	   \-- fabric-resource-loader-v1 1.0.3+8cc86c156f
[19:19:42] [main/INFO]: SpongePowered MIXIN Subsystem Version=0.8.7 Source=file:/D:/迅雷云盘/lisi/.minecraft/libraries/net/fabricmc/sponge-mixin/0.16.5+mixin.0.8.7/sponge-mixin-0.16.5+mixin.0.8.7.jar Service=Knot/Fabric Env=CLIENT
[19:19:43] [main/INFO]: Compatibility level set to JAVA_21
[19:19:44] [main/INFO]: Loaded configuration file for Sodium: 42 options available, 0 override(s) found
[19:19:44] [main/WARN]: Error loading class: net/raphimc/immediatelyfast/feature/core/BatchableBufferSource (java.lang.ClassNotFoundException: net/raphimc/immediatelyfast/feature/core/BatchableBufferSource)
[19:19:44] [main/WARN]: Error loading class: dev/tr7zw/skinlayers/render/CustomizableModelPart (java.lang.ClassNotFoundException: dev/tr7zw/skinlayers/render/CustomizableModelPart)
[19:19:44] [main/WARN]: Error loading class: net/irisshaders/batchedentityrendering/impl/FullyBufferedMultiBufferSource (java.lang.ClassNotFoundException: net/irisshaders/batchedentityrendering/impl/FullyBufferedMultiBufferSource)
[19:19:44] [main/WARN]: Error loading class: net/irisshaders/iris/layer/InnerWrappedRenderType (java.lang.ClassNotFoundException: net/irisshaders/iris/layer/InnerWrappedRenderType)
[19:19:44] [main/WARN]: Error loading class: net/irisshaders/iris/layer/OuterWrappedRenderType (java.lang.ClassNotFoundException: net/irisshaders/iris/layer/OuterWrappedRenderType)
[19:19:47] [main/INFO]: Searching for graphics cards...
[19:19:48] [main/INFO]: Found graphics adapter: AdapterInfo{vendor=INTEL, description='Intel(R) UHD Graphics', adapterType=0x0000032B, openglIcdFilePath='C:\WINDOWS\System32\DriverStore\FileRepository\iigd_dch.inf_amd64_1dc9fc8d5e442f6a\ig9icd64.dll', openglIcdVersion=30.0.101.1340}
[19:19:48] [main/INFO]: Found graphics adapter: AdapterInfo{vendor=NVIDIA, description='GeForce MX250', adapterType=0x00000311, openglIcdFilePath='C:\WINDOWS\System32\DriverStore\FileRepository\nvhqi.inf_amd64_93d0cb00b2ba5c60\nvoglv64.dll', openglIcdVersion=26.21.14.4108}
[19:19:48] [main/WARN]: Sodium has applied one or more workarounds to prevent crashes or other issues on your system: [NVIDIA_THREADED_OPTIMIZATIONS_BROKEN]
[19:19:48] [main/WARN]: This is not necessarily an issue, but it may result in certain features or optimizations being disabled. You can sometimes fix these issues by upgrading your graphics driver.
[19:19:51] [main/INFO]: Initializing MixinExtras via com.llamalad7.mixinextras.service.MixinExtrasServiceImpl(version=0.5.0).
[19:20:05] [main/ERROR]: ETF_load: Config was null, using defaults
[19:20:28] [Datafixer Bootstrap/INFO]: 278 Datafixer optimizations took 30512 milliseconds
[19:20:42] [Render thread/INFO]: Environment: Environment[sessionHost=https://sessionserver.mojang.com, servicesHost=https://api.minecraftservices.com, profilesHost=https://api.mojang.com, name=PROD]
[19:20:42] [Render thread/INFO]: Setting user: Yagaolilili
[19:20:42] [Render thread/INFO]: 配置已保存到：D:\迅雷云盘\lisi\.minecraft\config\chest-on-ghast.json
[19:20:42] [Render thread/INFO]: 已从配置文件加载快乐恶魂配置：D:\迅雷云盘\lisi\.minecraft\config\chest-on-ghast.json
[19:20:42] [Render thread/INFO]: Chest on Ghast mod initialized!
[19:20:43] [Render thread/INFO]: Loading Entity Texture Features, now available for Terraria!
[19:20:43] [Render thread/INFO]: [Indigo] Different rendering plugin detected; not applying Indigo.
[19:20:44] [Render thread/INFO]: Backend library: LWJGL version 3.3.3-snapshot
[19:20:45] [Render thread/INFO]: Modifying process environment to apply workarounds for the NVIDIA graphics driver...
[19:20:48] [Render thread/INFO]: OpenGL Vendor: NVIDIA Corporation
[19:20:48] [Render thread/INFO]: OpenGL Renderer: GeForce MX250/PCIe/SSE2
[19:20:48] [Render thread/INFO]: OpenGL Version: 3.3.0 NVIDIA 441.08
[19:20:48] [Render thread/INFO]: Modifying OpenGL context to apply workarounds for the NVIDIA graphics driver...
[19:20:48] [Render thread/INFO]: Enabling GL_DEBUG_OUTPUT_SYNCHRONOUS to force the NVIDIA driver to disable threaded command submission
[19:20:48] [Render thread/INFO]: Using optional rendering extensions: GL_ARB_buffer_storage, GL_KHR_debug, GL_ARB_vertex_attrib_binding, GL_ARB_direct_state_access
[19:20:48] [Render thread/ERROR]: Couldn't load file/VeryHappyGhast不睁眼.zip pack metadata: Pack declares support for version newer than 64, but is missing mandatory fields min_format and max_format
[19:20:48] [Render thread/ERROR]: Couldn't load file/VeryHappyGhast红大眼.zip pack metadata: Pack declares support for version newer than 64, but is missing mandatory fields min_format and max_format
[19:20:48] [Render thread/ERROR]: Couldn't load file/VeryHappyGhast红小眼.zip pack metadata: Pack declares support for version newer than 64, but is missing mandatory fields min_format and max_format
[19:20:48] [Render thread/ERROR]: Couldn't load file/VeryHappyGhast蓝大眼.zip pack metadata: Pack declares support for version newer than 64, but is missing mandatory fields min_format and max_format
[19:20:48] [Render thread/ERROR]: Couldn't load file/VeryHappyGhast蓝小眼.zip pack metadata: Pack declares support for version newer than 64, but is missing mandatory fields min_format and max_format
[19:20:51] [Render thread/INFO]: Reloading ResourceManager: vanilla, fabric, chest-on-ghast, entity_texture_features, fabric-api, fabric-api-base, fabric-api-lookup-api-v1, fabric-biome-api-v1, fabric-block-api-v1, fabric-block-view-api-v2, fabric-command-api-v2, fabric-content-registries-v0, fabric-convention-tags-v1, fabric-convention-tags-v2, fabric-crash-report-info-v1, fabric-data-attachment-api-v1, fabric-data-generation-api-v1, fabric-dimensions-v1, fabric-entity-events-v1, fabric-events-interaction-v0, fabric-game-rule-api-v1, fabric-item-api-v1, fabric-item-group-api-v1, fabric-key-binding-api-v1, fabric-lifecycle-events-v1, fabric-loot-api-v2, fabric-loot-api-v3, fabric-message-api-v1, fabric-model-loading-api-v1, fabric-networking-api-v1, fabric-object-builder-api-v1, fabric-particles-v1, fabric-recipe-api-v1, fabric-registry-sync-v0, fabric-renderer-api-v1, fabric-renderer-indigo, fabric-rendering-fluids-v1, fabric-rendering-v1, fabric-resource-conditions-api-v1, fabric-resource-loader-v0, fabric-resource-loader-v1, fabric-screen-api-v1, fabric-screen-handler-api-v1, fabric-serialization-api-v1, fabric-sound-api-v1, fabric-tag-api-v1, fabric-transfer-api-v1, fabric-transitive-access-wideners-v1, fabricloader, sodium, file/VeryHappyGhast不睁眼.zip, file/VeryHappyGhast红大眼.zip, file/VeryHappyGhast红小眼.zip, file/VeryHappyGhast蓝大眼.zip, file/VeryHappyGhast蓝小眼.zip
[19:20:52] [Worker-Main-6/INFO]: Found unifont_all_no_pua-16.0.03.hex, loading
[19:20:52] [Worker-Main-4/INFO]: Found unifont_pua-16.0.03.hex, loading
[19:20:53] [Worker-Main-6/INFO]: Found unifont_jp_patch-16.0.03.hex, loading
[19:21:00] [Render thread/INFO]: OpenAL initialized on device OpenAL Soft on 扬声器 (Realtek(R) Audio)
[19:21:00] [Render thread/INFO]: Sound engine started
[19:21:00] [Render thread/INFO]: Created: 512x256x0 minecraft:textures/atlas/particles.png-atlas
[19:21:00] [Render thread/INFO]: Created: 128x64x0 minecraft:textures/atlas/decorated_pot.png-atlas
[19:21:00] [Render thread/INFO]: Created: 2048x1024x0 minecraft:textures/atlas/armor_trims.png-atlas
[19:21:00] [Render thread/INFO]: Created: 512x256x0 minecraft:textures/atlas/paintings.png-atlas
[19:21:00] [Render thread/INFO]: Created: 512x512x0 minecraft:textures/atlas/shield_patterns.png-atlas
[19:21:00] [Render thread/INFO]: Created: 1024x512x4 minecraft:textures/atlas/blocks.png-atlas
[19:21:00] [Render thread/INFO]: Created: 512x256x0 minecraft:textures/atlas/chest.png-atlas
[19:21:00] [Render thread/INFO]: Created: 512x512x0 minecraft:textures/atlas/banner_patterns.png-atlas
[19:21:00] [Render thread/INFO]: Created: 512x256x0 minecraft:textures/atlas/beds.png-atlas
[19:21:00] [Render thread/INFO]: Created: 1024x512x0 minecraft:textures/atlas/gui.png-atlas
[19:21:00] [Render thread/INFO]: Created: 64x64x0 minecraft:textures/atlas/map_decorations.png-atlas
[19:21:00] [Render thread/INFO]: Created: 256x256x0 minecraft:textures/atlas/signs.png-atlas
[19:21:00] [Render thread/INFO]: Created: 512x256x0 minecraft:textures/atlas/shulker_boxes.png-atlas
[19:21:02] [Render thread/INFO]: [ETF]: reloading ETF data.
[19:21:02] [Render thread/INFO]: [ETF]: emissive suffixes loaded: {_e}
[19:21:02] [Render thread/INFO]: [ETF]: emissive suffixes loaded: {_e}
[19:22:18] [Render thread/INFO]: Loaded 1461 recipes
[19:22:18] [Render thread/INFO]: Loaded 1574 advancements
[19:22:18] [Render thread/INFO]: [ETF]: emissive suffixes loaded: {_e}
[19:22:18] [Render thread/INFO]: Applied 0 biome modifications to 0 of 65 new biomes in 5.089 ms
[19:22:18] [Server thread/INFO]: Starting integrated minecraft server version 1.21.9
[19:22:18] [Server thread/INFO]: Generating keypair
[19:22:20] [Server thread/INFO]: Loading 0 persistent chunks...
[19:22:20] [Server thread/INFO]: 准备生成区域中：16%
[19:22:22] [Server thread/INFO]: Loading 49 chunks for player spawn...
[19:22:22] [Server thread/INFO]: 准备生成区域中：16%
[19:22:22] [Server thread/INFO]: 准备生成区域中：16%
[19:22:22] [Server thread/INFO]: 准备生成区域中：16%
[19:22:22] [Server thread/INFO]: 准备生成区域中：16%
[19:22:22] [Server thread/INFO]: 准备生成区域中：16%
[19:22:23] [Server thread/INFO]: 准备生成区域中：18%
[19:22:23] [Server thread/INFO]: 配置已保存到：D:\迅雷云盘\lisi\.minecraft\config\chest-on-ghast.json
[19:22:23] [Server thread/INFO]: 准备生成区域中：79%
[19:22:24] [Server thread/INFO]: Time elapsed: 3593 ms
[19:22:25] [Server thread/INFO]: Yagaolilili[local:E:8ed655fa] logged in with entity id 24 at (5.553418968195261, -48.97599068594374, 17.158362720901344)
[19:22:26] [Server thread/INFO]: Yagaolilili加入了游戏
[19:22:26] [Render thread/INFO]: Started 2 worker threads
[19:22:28] [Server thread/INFO]: Changing view distance to 8, from 10
[19:22:28] [Server thread/INFO]: Changing simulation distance to 12, from 0
[19:22:28] [Server thread/WARN]: Can't keep up! Is the server overloaded? Running 2929ms or 58 ticks behind
[19:22:28] [Render thread/INFO]: Resizing Dynamic Transforms UBO, capacity limit of 2 reached during a single frame. New capacity will be 4.
[19:22:28] [Render thread/INFO]: Resizing Dynamic Transforms UBO, capacity limit of 4 reached during a single frame. New capacity will be 8.
[19:22:28] [Render thread/INFO]: Loaded 4 advancements
[19:22:30] [Render thread/INFO]: Resizing Dynamic Transforms UBO, capacity limit of 8 reached during a single frame. New capacity will be 16.
[19:22:34] [Server thread/INFO]: Saving and pausing game...
[19:22:34] [Server thread/INFO]: Saving chunks for level 'ServerLevel[新的世界]'/minecraft:overworld
[19:22:35] [Server thread/INFO]: Saving chunks for level 'ServerLevel[新的世界]'/minecraft:the_nether
[19:22:35] [Server thread/INFO]: Saving chunks for level 'ServerLevel[新的世界]'/minecraft:the_end
[19:22:42] [Render thread/ERROR]: Reported exception thrown!
net.minecraft.class_148: Rendering screen
	at knot/net.minecraft.class_757.method_3192(class_757.java:587) ~[client-intermediary.jar:?]
	at knot/net.minecraft.class_310.method_1523(class_310.java:1380) ~[client-intermediary.jar:?]
	at knot/net.minecraft.class_310.method_1514(class_310.java:969) [client-intermediary.jar:?]
	at knot/net.minecraft.client.main.Main.main(Main.java:250) [client-intermediary.jar:?]
	at net.fabricmc.loader.impl.game.minecraft.MinecraftGameProvider.launch(MinecraftGameProvider.java:506) [fabric-loader-0.17.3.jar:?]
	at net.fabricmc.loader.impl.launch.knot.Knot.launch(Knot.java:72) [fabric-loader-0.17.3.jar:?]
	at net.fabricmc.loader.impl.launch.knot.KnotClient.main(KnotClient.java:23) [fabric-loader-0.17.3.jar:?]
	at java.base/jdk.internal.reflect.DirectMethodHandleAccessor.invoke(DirectMethodHandleAccessor.java:103) ~[?:?]
	at java.base/java.lang.reflect.Method.invoke(Method.java:580) ~[?:?]
	at oolloo.jlw.Wrapper.invokeMain(Wrapper.java:112) [JavaWrapper.jar:?]
	at oolloo.jlw.Wrapper.main(Wrapper.java:105) [JavaWrapper.jar:?]
Caused by: java.lang.IllegalStateException: Can only blur once per frame
	at knot/net.minecraft.class_11246.method_71299(class_11246.java:45) ~[client-intermediary.jar:?]
	at knot/net.minecraft.class_332.method_71278(class_332.java:135) ~[client-intermediary.jar:?]
	at knot/net.minecraft.class_437.method_57734(class_437.java:405) ~[client-intermediary.jar:?]
	at knot/net.minecraft.class_437.method_25420(class_437.java:395) ~[client-intermediary.jar:?]
	at knot/me.noramibu.gui.HappyGhastConfigScreen.method_25394(HappyGhastConfigScreen.java:73) ~[chest-on-ghast-1.0.3.jar:?]
	at knot/net.minecraft.class_437.method_47413(class_437.java:115) ~[client-intermediary.jar:?]
	at knot/net.minecraft.class_757.mixinextras$bridge$method_47413$61(class_757.java) ~[client-intermediary.jar:?]
	at knot/net.minecraft.class_757.wrapOperation$bba000$fabric-screen-api-v1$onRenderScreen(class_757.java:1474) ~[client-intermediary.jar:?]
	at knot/net.minecraft.class_757.method_3192(class_757.java:579) ~[client-intermediary.jar:?]
	... 10 more
[19:22:44] [Server thread/INFO]: Stopping server
[19:22:44] [Server thread/INFO]: Saving players
[19:22:45] [Server thread/INFO]: Saving worlds
[19:22:46] [Server thread/INFO]: Saving chunks for level 'ServerLevel[新的世界]'/minecraft:overworld
[19:22:47] [Server thread/INFO]: Saving chunks for level 'ServerLevel[新的世界]'/minecraft:the_nether
[19:22:47] [Server thread/INFO]: Saving chunks for level 'ServerLevel[新的世界]'/minecraft:the_end
[19:22:47] [Server thread/INFO]: ThreadedAnvilChunkStorage (新的世界 (89)): All chunks are saved
[19:22:47] [Server thread/INFO]: ThreadedAnvilChunkStorage (DIM-1): All chunks are saved
[19:22:47] [Server thread/INFO]: ThreadedAnvilChunkStorage (DIM1): All chunks are saved
[19:22:47] [Server thread/INFO]: ThreadedAnvilChunkStorage: All dimensions are saved
[19:22:47] [Render thread/INFO]: Stopping worker threads
[19:22:47] [Render thread/INFO]: [ETF]: emissive suffixes loaded: {_e}
