[16:30:02] [main/INFO]: Loading Minecraft 1.21.9 with Fabric Loader 0.17.3
[16:30:02] [main/INFO]: Loading 52 mods:
	- chest-on-ghast 1.0.3
	- entity_texture_features 7.0.4
	   \-- org_apache_httpcomponents_httpmime 4.5.10
	- fabric-api 0.134.0+1.21.9
	   |-- fabric-api-base 1.0.0+14b92d897d
	   |-- fabric-api-lookup-api-v1 1.6.106+d17682157d
	   |-- fabric-biome-api-v1 16.1.0+c2417d4f7d
	   |-- fabric-block-api-v1 1.1.5+d17682157d
	   |-- fabric-block-view-api-v2 1.0.34+e4fd1b927d
	   |-- fabric-command-api-v2 2.3.7+328a75ba7d
	   |-- fabric-content-registries-v0 10.2.3+b6a242647d
	   |-- fabric-convention-tags-v1 2.1.47+7f945d5b7d
	   |-- fabric-convention-tags-v2 2.15.12+3154c1c87d
	   |-- fabric-crash-report-info-v1 0.3.18+33df5e6e7d
	   |-- fabric-data-attachment-api-v1 1.8.28+9bce411b7d
	   |-- fabric-data-generation-api-v1 23.2.22+d8b85ef17d
	   |-- fabric-dimensions-v1 4.0.22+38b9cc197d
	   |-- fabric-entity-events-v1 2.1.12+14b92d897d
	   |-- fabric-events-interaction-v0 4.0.35+5ba217127d
	   |-- fabric-game-rule-api-v1 1.1.1+e47eaae57d
	   |-- fabric-item-api-v1 11.5.8+9bce411b7d
	   |-- fabric-item-group-api-v1 4.2.24+86b3ae577d
	   |-- fabric-key-binding-api-v1 1.1.1+b3ba9c487d
	   |-- fabric-lifecycle-events-v1 2.6.9+33df5e6e7d
	   |-- fabric-loot-api-v2 3.0.64+3f89f5a57d
	   |-- fabric-loot-api-v3 2.0.11+d17682157d
	   |-- fabric-message-api-v1 6.1.7+3154c1c87d
	   |-- fabric-model-loading-api-v1 6.0.0+3ffd6ef07d
	   |-- fabric-networking-api-v1 5.0.13+d269470c7d
	   |-- fabric-object-builder-api-v1 21.1.24+9bce411b7d
	   |-- fabric-particles-v1 4.2.2+a0ee59a47d
	   |-- fabric-recipe-api-v1 8.1.26+d17682157d
	   |-- fabric-registry-sync-v0 6.1.41+679c8c5c7d
	   |-- fabric-renderer-indigo 4.0.19+328a75ba7d
	   |-- fabric-rendering-fluids-v1 3.1.38+86b3ae577d
	   |-- fabric-resource-conditions-api-v1 5.0.28+33df5e6e7d
	   |-- fabric-screen-api-v1 3.1.0+9c82a7987d
	   |-- fabric-screen-handler-api-v1 1.3.150+d17682157d
	   |-- fabric-serialization-api-v1 1.0.0+d857c9767d
	   |-- fabric-sound-api-v1 1.0.45+328a75ba7d
	   |-- fabric-tag-api-v1 1.2.10+2fa446b27d
	   |-- fabric-transfer-api-v1 6.0.15+79ec2c127d
	   \-- fabric-transitive-access-wideners-v1 6.5.3+41eb43437d
	- fabricloader 0.17.3
	   \-- mixinextras 0.5.0
	- java 21
	- minecraft 1.21.9
	- sodium 0.7.2+mc1.21.10
	   |-- fabric-renderer-api-v1 7.1.2+328a75ba6f
	   |-- fabric-rendering-v1 16.0.2+91152d886f
	   |-- fabric-resource-loader-v0 3.2.3+3388a3b26f
	   \-- fabric-resource-loader-v1 1.0.3+8cc86c156f
[16:30:03] [main/INFO]: SpongePowered MIXIN Subsystem Version=0.8.7 Source=file:/D:/—∏¿◊‘∆≈Ã/lisi/.minecraft/libraries/net/fabricmc/sponge-mixin/0.16.5+mixin.0.8.7/sponge-mixin-0.16.5+mixin.0.8.7.jar Service=Knot/Fabric Env=CLIENT
[16:30:03] [main/INFO]: Compatibility level set to JAVA_21
[16:30:03] [main/INFO]: Loaded configuration file for Sodium: 42 options available, 0 override(s) found
[16:30:03] [main/WARN]: Error loading class: net/raphimc/immediatelyfast/feature/core/BatchableBufferSource (java.lang.ClassNotFoundException: net/raphimc/immediatelyfast/feature/core/BatchableBufferSource)
[16:30:03] [main/WARN]: Error loading class: dev/tr7zw/skinlayers/render/CustomizableModelPart (java.lang.ClassNotFoundException: dev/tr7zw/skinlayers/render/CustomizableModelPart)
[16:30:04] [main/WARN]: Error loading class: net/irisshaders/batchedentityrendering/impl/FullyBufferedMultiBufferSource (java.lang.ClassNotFoundException: net/irisshaders/batchedentityrendering/impl/FullyBufferedMultiBufferSource)
[16:30:04] [main/WARN]: Error loading class: net/irisshaders/iris/layer/InnerWrappedRenderType (java.lang.ClassNotFoundException: net/irisshaders/iris/layer/InnerWrappedRenderType)
[16:30:04] [main/WARN]: Error loading class: net/irisshaders/iris/layer/OuterWrappedRenderType (java.lang.ClassNotFoundException: net/irisshaders/iris/layer/OuterWrappedRenderType)
[16:30:05] [main/INFO]: Searching for graphics cards...
[16:30:05] [main/INFO]: Found graphics adapter: AdapterInfo{vendor=INTEL, description='Intel(R) UHD Graphics', adapterType=0x0000032B, openglIcdFilePath='C:\WINDOWS\System32\DriverStore\FileRepository\iigd_dch.inf_amd64_1dc9fc8d5e442f6a\ig9icd64.dll', openglIcdVersion=30.0.101.1340}
[16:30:05] [main/INFO]: Found graphics adapter: AdapterInfo{vendor=NVIDIA, description='GeForce MX250', adapterType=0x00000311, openglIcdFilePath='C:\WINDOWS\System32\DriverStore\FileRepository\nvhqi.inf_amd64_93d0cb00b2ba5c60\nvoglv64.dll', openglIcdVersion=26.21.14.4108}
[16:30:05] [main/WARN]: Sodium has applied one or more workarounds to prevent crashes or other issues on your system: [NVIDIA_THREADED_OPTIMIZATIONS_BROKEN]
[16:30:05] [main/WARN]: This is not necessarily an issue, but it may result in certain features or optimizations being disabled. You can sometimes fix these issues by upgrading your graphics driver.
[16:30:06] [main/INFO]: Initializing MixinExtras via com.llamalad7.mixinextras.service.MixinExtrasServiceImpl(version=0.5.0).
[16:30:10] [Datafixer Bootstrap/INFO]: 278 Datafixer optimizations took 1803 milliseconds
[16:30:24] [Render thread/INFO]: Environment: Environment[sessionHost=https://sessionserver.mojang.com, servicesHost=https://api.minecraftservices.com, profilesHost=https://api.mojang.com, name=PROD]
[16:30:24] [Render thread/INFO]: Setting user: Yagaolilili
[16:30:24] [Render thread/INFO]: “—¥”≈‰÷√Œƒº˛º”‘ÿøÏ¿÷∂ÒªÍ≈‰÷√£∫D:\—∏¿◊‘∆≈Ã\lisi\.minecraft\config\chest-on-ghast.json
[16:30:26] [Render thread/WARN]: Failed to get system info for Render Extensions
java.lang.IllegalStateException: Can't getDevice() before it was initialized
	at knot/com.mojang.blaze3d.systems.RenderSystem.getDevice(RenderSystem.java:368) ~[client-intermediary.jar:?]
	at knot/net.minecraft.class_310.method_68671(class_310.java:2484) ~[client-intermediary.jar:?]
	at knot/net.minecraft.class_6396.method_37123(class_6396.java:77) [client-intermediary.jar:?]
	at knot/net.minecraft.class_310.method_37274(class_310.java:2484) [client-intermediary.jar:?]
	at knot/net.minecraft.class_310.method_22681(class_310.java:2454) [client-intermediary.jar:?]
	at knot/net.minecraft.client.main.Main.main(Main.java:243) [client-intermediary.jar:?]
	at net.fabricmc.loader.impl.game.minecraft.MinecraftGameProvider.launch(MinecraftGameProvider.java:506) [fabric-loader-0.17.3.jar:?]
	at net.fabricmc.loader.impl.launch.knot.Knot.launch(Knot.java:72) [fabric-loader-0.17.3.jar:?]
	at net.fabricmc.loader.impl.launch.knot.KnotClient.main(KnotClient.java:23) [fabric-loader-0.17.3.jar:?]
	at java.base/jdk.internal.reflect.DirectMethodHandleAccessor.invoke(DirectMethodHandleAccessor.java:103) ~[?:?]
	at java.base/java.lang.reflect.Method.invoke(Method.java:580) ~[?:?]
	at oolloo.jlw.Wrapper.invokeMain(Wrapper.java:112) [JavaWrapper.jar:?]
	at oolloo.jlw.Wrapper.main(Wrapper.java:105) [JavaWrapper.jar:?]
